<?xml version="1.0" encoding="UTF-8"?>
<!-- Generated by org.testng.reporters.JUnitReportReporter -->
<testsuite hostname="NadinGautham" failures="0" tests="1" name="Brindha.Maven_Project.TestCases.ErrorValidation" time="1.195" errors="0" timestamp="5 Apr 2024 08:27:48 GMT">
  <testcase classname="Brindha.Maven_Project.TestCases.ErrorValidation" name="submitorder" time="1.195"/>
</testsuite>
